<?xml version="1.0" encoding="UTF-8"?>
<testsuite name="AddressBookTest" tests="1" skipped="0" failures="0" errors="0" timestamp="2019-12-05T05:22:15" hostname="FH400" time="0.015">
  <properties/>
  <testcase name="when_Incorrect_New_FileName_Entered_Should_Return_true" classname="AddressBookTest" time="0.015"/>
  <system-out><![CDATA[
		The name Govandi is already used in this location. Please use a different name.
]]></system-out>
  <system-err><![CDATA[]]></system-err>
</testsuite>
