<?xml version="1.0" encoding="UTF-8"?>
<testsuite name="AddressBookTest" tests="1" skipped="0" failures="0" errors="0" timestamp="2019-12-06T11:09:58" hostname="FH400" time="0.982">
  <properties/>
  <testcase name="when_Sort_By_Person_ZipCode_From_File_Should_Return_True" classname="AddressBookTest" time="0.982"/>
  <system-out><![CDATA[FirstName LastName Mobile_Number State City Zip 

MANGESH RANA 123000000 Akola MH 111111
SAMMER SURESH 9468679751 Akola MH 222222
]]></system-out>
  <system-err><![CDATA[]]></system-err>
</testsuite>
