<?xml version="1.0" encoding="UTF-8"?>
<testsuite name="AddressBookTest" tests="1" skipped="0" failures="0" errors="0" timestamp="2019-12-05T13:47:06" hostname="FH400" time="0.291">
  <properties/>
  <testcase name="when_Edit_To_File_Should_Return_True" classname="AddressBookTest" time="0.291"/>
  <system-out><![CDATA[Person{firstName='RAMESH', lastName='RANA', mobileNumber='9468679751', address=Address{stateName='Akola', cityName='MH', zipCode='444002'}}
]]></system-out>
  <system-err><![CDATA[]]></system-err>
</testsuite>
