<?xml version="1.0" encoding="UTF-8"?>
<testsuite name="AddressBookTest" tests="1" skipped="0" failures="0" errors="0" timestamp="2019-12-05T05:19:50" hostname="FH400" time="0.01">
  <properties/>
  <testcase name="when_Correct_New_FileName_Entered_Should_Return_true" classname="AddressBookTest" time="0.01"/>
  <system-out><![CDATA[
				Enter the File Name : ]]></system-out>
  <system-err><![CDATA[]]></system-err>
</testsuite>
