<?xml version="1.0" encoding="UTF-8"?>
<testsuite name="AddressBookTest" tests="1" skipped="0" failures="0" errors="0" timestamp="2019-12-06T09:52:41" hostname="FH400" time="0.674">
  <properties/>
  <testcase name="when_Edit_To_File_Should_Return_True" classname="AddressBookTest" time="0.674"/>
  <system-out><![CDATA[[Person{firstName='SAMMER', lastName='SURESH', mobileNumber='9468679751', stateName='MH', cityName='Akola', zipCode='444002'}, Person{firstName='SAMMER', lastName='RANA', mobileNumber='000000000', stateName='MH', cityName='Akola', zipCode='444002'}]
]]></system-out>
  <system-err><![CDATA[]]></system-err>
</testsuite>
